{
  "stats": {
    "suites": 1,
    "tests": 1,
    "passes": 1,
    "pending": 0,
    "failures": 0,
    "start": "2021-08-29T07:17:29.435Z",
    "end": "2021-08-29T07:17:30.430Z",
    "duration": 995,
    "testsRegistered": 1,
    "passPercent": 100,
    "pendingPercent": 0,
    "other": 0,
    "hasOther": false,
    "skipped": 0,
    "hasSkipped": false
  },
  "results": [
    {
      "uuid": "6f341ab6-e0b6-4d44-b7a6-fad03b73f8d8",
      "title": "",
      "fullFile": "",
      "file": "",
      "beforeHooks": [],
      "afterHooks": [],
      "tests": [],
      "suites": [
        {
          "uuid": "da2a7d04-f77d-4d47-8291-17e0ff8c2994",
          "title": "As an User, I should be able to post user",
          "fullFile": "/Users/janupan/Documents/api-testing/api/test/create_user_test.js",
          "file": "/api/test/create_user_test.js",
          "beforeHooks": [],
          "afterHooks": [],
          "tests": [
            {
              "title": "@happy should success post data with valid request parameter",
              "fullTitle": "As an User, I should be able to post user @happy should success post data with valid request parameter",
              "timedOut": false,
              "duration": 982,
              "state": "passed",
              "speed": "slow",
              "pass": true,
              "fail": false,
              "pending": false,
              "context": null,
              "code": "body = testData.successCreateUser;\nna_me = 'test_' + randomstring.generate(3); \njob_ran = 'SQA_' + randomstring.generate(3);\nbody.name = na_me;\nbody.job = job_ran;\nconst response = await CreateUserApi.postUser(body);\nexpect(response.status).to.equal(responseMessageCode.successCreated);\nexpect(response.body.name).to.equal(body.name);\nexpect(response.body.job).to.equal(body.job);",
              "err": {},
              "uuid": "c71b8a16-9e6d-4719-ac97-91c978e6c4e5",
              "parentUUID": "da2a7d04-f77d-4d47-8291-17e0ff8c2994",
              "isHook": false,
              "skipped": false
            }
          ],
          "suites": [],
          "passes": [
            "c71b8a16-9e6d-4719-ac97-91c978e6c4e5"
          ],
          "failures": [],
          "pending": [],
          "skipped": [],
          "duration": 982,
          "root": false,
          "rootEmpty": false,
          "_timeout": 180000
        }
      ],
      "passes": [],
      "failures": [],
      "pending": [],
      "skipped": [],
      "duration": 0,
      "root": true,
      "rootEmpty": true,
      "_timeout": 180000
    }
  ],
  "meta": {
    "mocha": {
      "version": "9.1.1"
    },
    "mochawesome": {
      "options": {
        "quiet": false,
        "reportFilename": "mochawesome",
        "saveHtml": true,
        "saveJson": true,
        "consoleReporter": "spec",
        "useInlineDiffs": false,
        "code": true
      },
      "version": "6.2.2"
    },
    "marge": {
      "options": {
        "reportDir": "reports/mochawesome/"
      },
      "version": "5.2.0"
    }
  }
}